<?xml version="1.0" encoding="UTF-8"?>
<testsuite xmlns:xsi="http://www.w3.org/2001/XMLSchema-instance" xsi:noNamespaceSchemaLocation="https://maven.apache.org/surefire/maven-surefire-plugin/xsd/surefire-test-report.xsd" name="com.singleList.EnumSourceTest" time="0.051" tests="17" errors="0" skipped="0" failures="0">
  <properties>
[...]
</properties>
  <testcase name="test_enum_include{Size}[1]" classname="com.singleList.EnumSourceTest" time="0.016"/>
  <testcase name="test_enum_include{Size}[2]" classname="com.singleList.EnumSourceTest" time="0.001"/>
  <testcase name="test_enum_include{Size}[3]" classname="com.singleList.EnumSourceTest" time="0"/>
  <testcase name="test_enum_include{Size}[4]" classname="com.singleList.EnumSourceTest" time="0.001"/>
  <testcase name="test_enum{Size}[1]" classname="com.singleList.EnumSourceTest" time="0.001"/>
  <testcase name="test_enum{Size}[2]" classname="com.singleList.EnumSourceTest" time="0.001"/>
  <testcase name="test_enum{Size}[3]" classname="com.singleList.EnumSourceTest" time="0"/>
  <testcase name="test_enum{Size}[4]" classname="com.singleList.EnumSourceTest" time="0.001"/>
  <testcase name="test_enum{Size}[5]" classname="com.singleList.EnumSourceTest" time="0"/>
  <testcase name="test_enum{Size}[6]" classname="com.singleList.EnumSourceTest" time="0"/>
  <testcase name="test_enum{Size}[7]" classname="com.singleList.EnumSourceTest" time="0.001"/>
  <testcase name="test_enum{Size}[8]" classname="com.singleList.EnumSourceTest" time="0.001"/>
  <testcase name="test_enum_exclude{Size}[1]" classname="com.singleList.EnumSourceTest" time="0"/>
  <testcase name="test_enum_exclude{Size}[2]" classname="com.singleList.EnumSourceTest" time="0"/>
  <testcase name="test_enum_exclude{Size}[3]" classname="com.singleList.EnumSourceTest" time="0.001"/>
  <testcase name="test_enum_exclude{Size}[4]" classname="com.singleList.EnumSourceTest" time="0"/>
  <testcase name="test_enum_exclude{Size}[5]" classname="com.singleList.EnumSourceTest" time="0.001"/>
</testsuite>